0 info it worked if it ends with ok
1 verbose cli [ 'node', '/usr/local/bin/npm', 'i', '-g', 'node-inspector' ]
2 info using npm@1.4.28
3 info using node@v0.10.32
4 verbose cache add [ 'node-inspector', null ]
5 verbose cache add name=undefined spec="node-inspector" args=["node-inspector",null]
6 verbose parsed url { protocol: null,
6 verbose parsed url   slashes: null,
6 verbose parsed url   auth: null,
6 verbose parsed url   host: null,
6 verbose parsed url   port: null,
6 verbose parsed url   hostname: null,
6 verbose parsed url   hash: null,
6 verbose parsed url   search: null,
6 verbose parsed url   query: null,
6 verbose parsed url   pathname: 'node-inspector',
6 verbose parsed url   path: 'node-inspector',
6 verbose parsed url   href: 'node-inspector' }
7 silly lockFile 4198ef9e-node-inspector node-inspector
8 verbose lock node-inspector /Users/John/.npm/4198ef9e-node-inspector.lock
9 silly lockFile 4198ef9e-node-inspector node-inspector
10 silly lockFile 4198ef9e-node-inspector node-inspector
11 verbose addNamed [ 'node-inspector', '' ]
12 verbose addNamed [ null, '*' ]
13 silly lockFile e68b88da-node-inspector node-inspector@
14 verbose lock node-inspector@ /Users/John/.npm/e68b88da-node-inspector.lock
15 silly addNameRange { name: 'node-inspector', range: '*', hasData: false }
16 verbose request where is /node-inspector
17 verbose request registry https://registry.npmjs.org/
18 verbose request id 32d1c856cd3fa431
19 verbose url raw /node-inspector
20 verbose url resolving [ 'https://registry.npmjs.org/', './node-inspector' ]
21 verbose url resolved https://registry.npmjs.org/node-inspector
22 verbose request where is https://registry.npmjs.org/node-inspector
23 info trying registry request attempt 1 at 18:23:55
24 verbose etag "9B04ZSTG0B43C7VHJ4S7TMVL2"
25 http GET https://registry.npmjs.org/node-inspector
26 http 200 https://registry.npmjs.org/node-inspector
27 silly registry.get cb [ 200,
27 silly registry.get   { date: 'Tue, 20 Jan 2015 01:23:57 GMT',
27 silly registry.get     server: 'CouchDB/1.5.0 (Erlang OTP/R16B03)',
27 silly registry.get     etag: '"34JVKMPN0QB0N96BJGB57CTNK"',
27 silly registry.get     'content-type': 'application/json',
27 silly registry.get     'cache-control': 'max-age=60',
27 silly registry.get     'content-length': '90570',
27 silly registry.get     'accept-ranges': 'bytes',
27 silly registry.get     via: '1.1 varnish',
27 silly registry.get     age: '0',
27 silly registry.get     'x-served-by': 'cache-lax1430-LAX',
27 silly registry.get     'x-cache': 'HIT',
27 silly registry.get     'x-cache-hits': '1',
27 silly registry.get     'x-timer': 'S1421717037.090630,VS0,VE39',
27 silly registry.get     vary: 'Accept',
27 silly registry.get     'keep-alive': 'timeout=10, max=50',
27 silly registry.get     connection: 'Keep-Alive' } ]
28 silly addNameRange number 2 { name: 'node-inspector', range: '*', hasData: true }
29 silly addNameRange versions [ 'node-inspector',
29 silly addNameRange   [ '0.0.1',
29 silly addNameRange     '0.0.2',
29 silly addNameRange     '0.0.3',
29 silly addNameRange     '0.0.4',
29 silly addNameRange     '0.1.0',
29 silly addNameRange     '0.1.1',
29 silly addNameRange     '0.1.2',
29 silly addNameRange     '0.1.3',
29 silly addNameRange     '0.1.4',
29 silly addNameRange     '0.1.5',
29 silly addNameRange     '0.1.6',
29 silly addNameRange     '0.1.7',
29 silly addNameRange     '0.1.8',
29 silly addNameRange     '0.1.9',
29 silly addNameRange     '0.1.10',
29 silly addNameRange     '0.3.0',
29 silly addNameRange     '0.3.1',
29 silly addNameRange     '0.3.2',
29 silly addNameRange     '0.3.3',
29 silly addNameRange     '0.3.4',
29 silly addNameRange     '0.4.0',
29 silly addNameRange     '0.5.0',
29 silly addNameRange     '0.6.0',
29 silly addNameRange     '0.6.1',
29 silly addNameRange     '0.6.2',
29 silly addNameRange     '0.7.0-1',
29 silly addNameRange     '0.2.0-beta1',
29 silly addNameRange     '0.2.0-beta2',
29 silly addNameRange     '0.2.0-beta3',
29 silly addNameRange     '0.2.0-beta4',
29 silly addNameRange     '0.3.0-preview1',
29 silly addNameRange     '0.7.0-2',
29 silly addNameRange     '0.7.0',
29 silly addNameRange     '0.7.1',
29 silly addNameRange     '0.7.2',
29 silly addNameRange     '0.7.3',
29 silly addNameRange     '0.7.4',
29 silly addNameRange     '0.8.0',
29 silly addNameRange     '0.8.1',
29 silly addNameRange     '0.8.3' ] ]
30 verbose addNamed [ 'node-inspector', '0.8.3' ]
31 verbose addNamed [ '0.8.3', '0.8.3' ]
32 silly lockFile 81aa846c-node-inspector-0-8-3 node-inspector@0.8.3
33 verbose lock node-inspector@0.8.3 /Users/John/.npm/81aa846c-node-inspector-0-8-3.lock
34 silly lockFile 4f9b28fb-spector-node-inspector-0-8-3-tgz https://registry.npmjs.org/node-inspector/-/node-inspector-0.8.3.tgz
35 verbose lock https://registry.npmjs.org/node-inspector/-/node-inspector-0.8.3.tgz /Users/John/.npm/4f9b28fb-spector-node-inspector-0-8-3-tgz.lock
36 verbose addRemoteTarball [ 'https://registry.npmjs.org/node-inspector/-/node-inspector-0.8.3.tgz',
36 verbose addRemoteTarball   '2eac57771973c6eb49100ef4c9caa6ae0bcd8911' ]
37 info retry fetch attempt 1 at 18:23:55
38 verbose fetch to= /var/folders/t7/2gsqqsf17g98v5s9cw13t3vc0000gp/T/npm-50108-6ycUlcL4/registry.npmjs.org/node-inspector/-/node-inspector-0.8.3.tgz
39 http GET https://registry.npmjs.org/node-inspector/-/node-inspector-0.8.3.tgz
40 http 200 https://registry.npmjs.org/node-inspector/-/node-inspector-0.8.3.tgz
41 silly lockFile 4f9b28fb-spector-node-inspector-0-8-3-tgz https://registry.npmjs.org/node-inspector/-/node-inspector-0.8.3.tgz
42 silly lockFile 4f9b28fb-spector-node-inspector-0-8-3-tgz https://registry.npmjs.org/node-inspector/-/node-inspector-0.8.3.tgz
43 silly lockFile 81aa846c-node-inspector-0-8-3 node-inspector@0.8.3
44 silly lockFile 81aa846c-node-inspector-0-8-3 node-inspector@0.8.3
45 silly lockFile e68b88da-node-inspector node-inspector@
46 silly lockFile e68b88da-node-inspector node-inspector@
47 silly resolved [ { name: 'node-inspector',
47 silly resolved     version: '0.8.3',
47 silly resolved     description: 'Web Inspector based nodeJS debugger',
47 silly resolved     homepage: 'http://github.com/node-inspector/node-inspector',
47 silly resolved     author: { name: 'Danny Coates', email: 'dannycoates@gmail.com' },
47 silly resolved     keywords: [ 'debug', 'debugger', 'inspector', 'profiler' ],
47 silly resolved     repository:
47 silly resolved      { type: 'git',
47 silly resolved        url: 'http://github.com/node-inspector/node-inspector.git' },
47 silly resolved     engines: { node: '>=0.8.0' },
47 silly resolved     bin:
47 silly resolved      { 'node-inspector': './bin/inspector.js',
47 silly resolved        'node-debug': './bin/node-debug.js' },
47 silly resolved     dependencies:
47 silly resolved      { express: '^4.0',
47 silly resolved        'serve-favicon': '^2.1.1',
47 silly resolved        async: '~0.9',
47 silly resolved        glob: '^3.2.1',
47 silly resolved        rc: '~0.5.0',
47 silly resolved        'strong-data-uri': '~0.1.0',
47 silly resolved        debug: '^1.0',
47 silly resolved        ws: '~0.4.31',
47 silly resolved        opener: '^1.3.0',
47 silly resolved        yargs: '^1.2.1',
47 silly resolved        which: '^1.0.5',
47 silly resolved        'v8-debug': '~0.3.0',
47 silly resolved        'v8-profiler': '~5.2.0',
47 silly resolved        semver: '^3.0.1' },
47 silly resolved     devDependencies:
47 silly resolved      { mocha: '^1.21',
47 silly resolved        chai: '^1.9',
47 silly resolved        jshint: '^2.4.4',
47 silly resolved        'fs-extra': '~0.8.1' },
47 silly resolved     preferGlobal: true,
47 silly resolved     scripts: { pretest: 'jshint .', test: 'mocha' },
47 silly resolved     contributors:
47 silly resolved      [ [Object],
47 silly resolved        [Object],
47 silly resolved        [Object],
47 silly resolved        [Object],
47 silly resolved        [Object],
47 silly resolved        [Object],
47 silly resolved        [Object],
47 silly resolved        [Object],
47 silly resolved        [Object],
47 silly resolved        [Object],
47 silly resolved        [Object],
47 silly resolved        [Object],
47 silly resolved        [Object],
47 silly resolved        [Object],
47 silly resolved        [Object],
47 silly resolved        [Object],
47 silly resolved        [Object],
47 silly resolved        [Object],
47 silly resolved        [Object],
47 silly resolved        [Object],
47 silly resolved        [Object],
47 silly resolved        [Object],
47 silly resolved        [Object],
47 silly resolved        [Object],
47 silly resolved        [Object],
47 silly resolved        [Object],
47 silly resolved        [Object],
47 silly resolved        [Object],
47 silly resolved        [Object],
47 silly resolved        [Object],
47 silly resolved        [Object] ],
47 silly resolved     gitHead: 'd70cf70b9858e4a3da76920e96664fc5e44285c5',
47 silly resolved     bugs: { url: 'https://github.com/node-inspector/node-inspector/issues' },
47 silly resolved     _id: 'node-inspector@0.8.3',
47 silly resolved     _shasum: '2eac57771973c6eb49100ef4c9caa6ae0bcd8911',
47 silly resolved     _from: 'node-inspector@',
47 silly resolved     _npmVersion: '1.4.24',
47 silly resolved     _npmUser: { name: '3y3', email: '3y3@bk.ru' },
47 silly resolved     maintainers: [ [Object], [Object], [Object], [Object], [Object] ],
47 silly resolved     dist:
47 silly resolved      { shasum: '2eac57771973c6eb49100ef4c9caa6ae0bcd8911',
47 silly resolved        tarball: 'http://registry.npmjs.org/node-inspector/-/node-inspector-0.8.3.tgz' },
47 silly resolved     directories: {},
47 silly resolved     _resolved: 'https://registry.npmjs.org/node-inspector/-/node-inspector-0.8.3.tgz' } ]
48 info install node-inspector@0.8.3 into /usr/local/lib
49 info installOne node-inspector@0.8.3
50 verbose lib/node_modules/node-inspector unbuild
51 verbose tar unpack /Users/John/.npm/node-inspector/0.8.3/package.tgz
52 silly lockFile 6e6fbd08--lib-node-modules-node-inspector tar:///usr/local/lib/node_modules/node-inspector
53 verbose lock tar:///usr/local/lib/node_modules/node-inspector /Users/John/.npm/6e6fbd08--lib-node-modules-node-inspector.lock
54 silly lockFile ebc66729-node-inspector-0-8-3-package-tgz tar:///Users/John/.npm/node-inspector/0.8.3/package.tgz
55 verbose lock tar:///Users/John/.npm/node-inspector/0.8.3/package.tgz /Users/John/.npm/ebc66729-node-inspector-0-8-3-package-tgz.lock
56 silly gunzTarPerm modes [ '755', '644' ]
57 error Error: EACCES, mkdir '/usr/local/lib/node_modules/node-inspector'
57 error  { [Error: EACCES, mkdir '/usr/local/lib/node_modules/node-inspector']
57 error   errno: 3,
57 error   code: 'EACCES',
57 error   path: '/usr/local/lib/node_modules/node-inspector',
57 error   fstream_type: 'Directory',
57 error   fstream_path: '/usr/local/lib/node_modules/node-inspector',
57 error   fstream_class: 'DirWriter',
57 error   fstream_stack:
57 error    [ '/usr/local/lib/node_modules/npm/node_modules/fstream/lib/dir-writer.js:36:23',
57 error      '/usr/local/lib/node_modules/npm/node_modules/mkdirp/index.js:46:53',
57 error      'Object.oncomplete (fs.js:107:15)' ] }
58 error Please try running this command again as root/Administrator.
59 error System Darwin 14.0.0
60 error command "node" "/usr/local/bin/npm" "i" "-g" "node-inspector"
61 error cwd /Users/John/Dev/projects/http-league
62 error node -v v0.10.32
63 error npm -v 1.4.28
64 error path /usr/local/lib/node_modules/node-inspector
65 error fstream_path /usr/local/lib/node_modules/node-inspector
66 error fstream_type Directory
67 error fstream_class DirWriter
68 error code EACCES
69 error errno 3
70 error stack Error: EACCES, mkdir '/usr/local/lib/node_modules/node-inspector'
71 error fstream_stack /usr/local/lib/node_modules/npm/node_modules/fstream/lib/dir-writer.js:36:23
71 error fstream_stack /usr/local/lib/node_modules/npm/node_modules/mkdirp/index.js:46:53
71 error fstream_stack Object.oncomplete (fs.js:107:15)
72 verbose exit [ 3, true ]
